2025-06-30 17:29:34,175 - 2025-06-30 17:29:34 | Addition(2.0, 2.0) = 4.0
2025-06-30 17:30:37,162 - 2025-06-30 17:30:37 | Addition(2.0, 2.0) = 4.0
2025-06-30 17:36:57,363 - 2025-06-30 17:36:57 | Addition(1.0, 1.0) = 2.0
2025-06-30 17:43:29,007 - 2025-06-30 17:43:29 | Addition(1.0, 1.0) = 2.0
2025-06-30 17:46:27,082 - 2025-06-30 17:46:27 | Addition(1.0, 1.0) = 2.0
2025-06-30 17:46:43,828 - 2025-06-30 17:46:43 | Addition(2.0, 2.0) = 4.0
2025-06-30 17:46:54,140 - 2025-06-30 17:46:54 | Addition(3.0, 3.0) = 6.0
2025-06-30 17:51:08,202 - 2025-06-30 17:51:08 | Addition(2.0, 2.0) = 4.0
2025-06-30 17:58:02,426 - 2025-06-30 17:58:02 | Addition(1.0, 1.0) = 2.0
2025-06-30 17:58:16,080 - 2025-06-30 17:58:16 | Addition(35.0, 35.0) = 70.0
2025-06-30 19:41:46,582 - ZeroDivisionError: Cannot divide by zero.
2025-06-30 19:46:43,621 - Unexpected error: 'History' object has no attribute 'load_from_file'
Traceback (most recent call last):
  File "/home/eralf/projects/midterm_project/app/calculator_repl.py", line 52, in calculator_repl
    history.load_from_file()
    ^^^^^^^^^^^^^^^^^^^^^^
AttributeError: 'History' object has no attribute 'load_from_file'
2025-06-30 19:46:59,989 - Unexpected error: 'History' object has no attribute 'save_to_file'
Traceback (most recent call last):
  File "/home/eralf/projects/midterm_project/app/calculator_repl.py", line 47, in calculator_repl
    history.save_to_file()
    ^^^^^^^^^^^^^^^^^^^^
AttributeError: 'History' object has no attribute 'save_to_file'
2025-06-30 20:01:25,722 - 2025-06-30 20:01:25 | Addition(4.0, 5.0) = 9.0
2025-06-30 20:01:32,785 - 2025-06-30 20:01:32 | Multiplication(2.0, 3.0) = 6.0
